<?xml version="1.0" encoding="UTF-8"?>
<testsuite xmlns:xsi="http://www.w3.org/2001/XMLSchema-instance" xsi:noNamespaceSchemaLocation="https://maven.apache.org/surefire/maven-surefire-plugin/xsd/surefire-test-report-3.0.xsd" version="3.0" name="com.immigration.UnitTests" time="0.058" tests="8" errors="0" skipped="0" failures="0">
  <properties>
[...]
</properties>
  <testcase name="CreateApprovalWorkflowItemTest" classname="com.immigration.UnitTests" time="0.026">
    <system-out><![CDATA[Divorce Report Object: {Username: a, Spouses Name: b, Current Status: c}
 has been added to workflow.
Divorce Report Object: {Username: d, Spouses Name: e, Current Status: f}
 has been added to workflow.
Divorce Report Object: {Username: g, Spouses Name: h, Current Status: i}
 has been added to workflow.
Divorce Report Object: {Username: a, Spouses Name: b, Current Status: c}
 has been removed from workflow.
Divorce Report Object: {Username: d, Spouses Name: e, Current Status: f}
 has been removed from workflow.
Divorce Report Object: {Username: g, Spouses Name: h, Current Status: i}
 has been removed from workflow.
]]></system-out>
  </testcase>
  <testcase name="CreateApprovalWorkflowItemNullTest" classname="com.immigration.UnitTests" time="0.0"/>
  <testcase name="CreateReviewWorkflowItemTest" classname="com.immigration.UnitTests" time="0.005">
    <system-out><![CDATA[Divorce Report Object: {Username: a, Spouses Name: b, Current Status: c}
 has been added to workflow.
Divorce Report Object: {Username: d, Spouses Name: e, Current Status: f}
 has been added to workflow.
Divorce Report Object: {Username: g, Spouses Name: h, Current Status: i}
 has been added to workflow.
Divorce Report Object: {Username: a, Spouses Name: b, Current Status: c}
 has been removed from workflow.
Divorce Report Object: {Username: d, Spouses Name: e, Current Status: f}
 has been removed from workflow.
Divorce Report Object: {Username: g, Spouses Name: h, Current Status: i}
 has been removed from workflow.
]]></system-out>
  </testcase>
  <testcase name="CreateReviewWorkflowItemNullTest" classname="com.immigration.UnitTests" time="0.0"/>
  <testcase name="NoApprovalItemTest" classname="com.immigration.UnitTests" time="0.0"/>
  <testcase name="NoReviewItemTest" classname="com.immigration.UnitTests" time="0.0"/>
  <testcase name="ReportCreatedTest" classname="com.immigration.UnitTests" time="0.0"/>
  <testcase name="GetReportInfoTest" classname="com.immigration.UnitTests" time="0.0"/>
</testsuite>